<?xml version="1.0" encoding="UTF-8"?>
<testsuite name="org.example.cosmocats.featuretoggle.aspect.FeatureToggleAspectTest" tests="2" skipped="0" failures="0" errors="0" timestamp="2025-12-10T12:43:30" hostname="PIGEON" time="0.275">
  <properties/>
  <testcase name="whenFeatureDisabled_throwsExceptionAndDoesNotProceed()" classname="org.example.cosmocats.featuretoggle.aspect.FeatureToggleAspectTest" time="0.259"/>
  <testcase name="whenFeatureEnabled_allowsMethodExecution()" classname="org.example.cosmocats.featuretoggle.aspect.FeatureToggleAspectTest" time="0.008"/>
  <system-out><![CDATA[2025-12-10T14:43:30.888+02:00  WARN 7180 --- [    Test worker] o.e.c.f.aspect.FeatureToggleAspect       : Feature toggle cosmo-cats is disabled
]]></system-out>
  <system-err><![CDATA[]]></system-err>
</testsuite>
