<?xml version="1.0" encoding="UTF-8"?>
<testsuite name="org.example.cosmocats.order.controller.OrderControllerTest" tests="3" skipped="0" failures="0" errors="0" timestamp="2025-12-10T12:43:32" hostname="PIGEON" time="0.288">
  <properties/>
  <testcase name="getById_notFound_returns404()" classname="org.example.cosmocats.order.controller.OrderControllerTest" time="0.03"/>
  <testcase name="create_returns201()" classname="org.example.cosmocats.order.controller.OrderControllerTest" time="0.244"/>
  <testcase name="list_returnsOk()" classname="org.example.cosmocats.order.controller.OrderControllerTest" time="0.01"/>
  <system-out><![CDATA[2025-12-10T14:43:30.948+02:00  INFO 7180 --- [    Test worker] t.c.s.AnnotationConfigContextLoaderUtils : Could not detect default configuration classes for test class [org.example.cosmocats.order.controller.OrderControllerTest]: OrderControllerTest does not declare any static, non-private, non-final, nested classes annotated with @Configuration.
2025-12-10T14:43:31.040+02:00  INFO 7180 --- [    Test worker] .b.t.c.SpringBootTestContextBootstrapper : Found @SpringBootConfiguration org.example.cosmocats.CosmoCatsApplication for test class org.example.cosmocats.order.controller.OrderControllerTest

  .   ____          _            __ _ _
 /\\ / ___'_ __ _ _(_)_ __  __ _ \ \ \ \
( ( )\___ | '_ | '_| | '_ \/ _` | \ \ \ \
 \\/  ___)| |_)| | | | | || (_| |  ) ) ) )
  '  |____| .__|_| |_|_| |_\__, | / / / /
 =========|_|==============|___/=/_/_/_/

 :: Spring Boot ::                (v3.3.4)

2025-12-10T14:43:31.113+02:00  INFO 7180 --- [    Test worker] o.e.c.o.controller.OrderControllerTest   : Starting OrderControllerTest using Java 17.0.16 with PID 7180 (started by denis in D:\LAB5WEB\lab1-backend-CosmoCats-lab3web)
2025-12-10T14:43:31.116+02:00  INFO 7180 --- [    Test worker] o.e.c.o.controller.OrderControllerTest   : The following 1 profile is active: "test"
2025-12-10T14:43:32.037+02:00  INFO 7180 --- [    Test worker] o.s.b.t.m.w.SpringBootMockServletContext : Initializing Spring TestDispatcherServlet ''
2025-12-10T14:43:32.038+02:00  INFO 7180 --- [    Test worker] o.s.t.web.servlet.TestDispatcherServlet  : Initializing Servlet ''
2025-12-10T14:43:32.038+02:00  INFO 7180 --- [    Test worker] o.s.t.web.servlet.TestDispatcherServlet  : Completed initialization in 0 ms
2025-12-10T14:43:32.054+02:00  INFO 7180 --- [    Test worker] o.e.c.o.controller.OrderControllerTest   : Started OrderControllerTest in 1.006 seconds (process running for 18.326)
]]></system-out>
  <system-err><![CDATA[]]></system-err>
</testsuite>
