<?xml version="1.0" encoding="UTF-8"?>
<testsuite name="org.example.cosmocats.common.exception.GlobalExceptionHandlerTest" tests="4" skipped="0" failures="0" errors="0" timestamp="2025-11-29T11:23:36" hostname="PIGEON" time="0.191">
  <properties/>
  <testcase name="handleValidation_returns400()" classname="org.example.cosmocats.common.exception.GlobalExceptionHandlerTest" time="0.167"/>
  <testcase name="handleNotFound_returns404()" classname="org.example.cosmocats.common.exception.GlobalExceptionHandlerTest" time="0.001"/>
  <testcase name="handleConflict_returns409()" classname="org.example.cosmocats.common.exception.GlobalExceptionHandlerTest" time="0.001"/>
  <testcase name="handleBeanValidation_returns400AndFieldsMap()" classname="org.example.cosmocats.common.exception.GlobalExceptionHandlerTest" time="0.019"/>
  <system-out><![CDATA[]]></system-out>
  <system-err><![CDATA[]]></system-err>
</testsuite>
