<?xml version="1.0" encoding="UTF-8"?>
<testsuite name="org.example.cosmocats.category.controller.CategoryControllerTest" tests="3" skipped="0" failures="0" errors="0" timestamp="2025-12-10T12:43:26" hostname="PIGEON" time="2.423">
  <properties/>
  <testcase name="getById_notFound_returns404()" classname="org.example.cosmocats.category.controller.CategoryControllerTest" time="1.993"/>
  <testcase name="create_returns201()" classname="org.example.cosmocats.category.controller.CategoryControllerTest" time="0.369"/>
  <testcase name="list_returnsOk()" classname="org.example.cosmocats.category.controller.CategoryControllerTest" time="0.049"/>
  <system-out><![CDATA[14:43:18.201 [Test worker] INFO org.springframework.test.context.support.AnnotationConfigContextLoaderUtils -- Could not detect default configuration classes for test class [org.example.cosmocats.category.controller.CategoryControllerTest]: CategoryControllerTest does not declare any static, non-private, non-final, nested classes annotated with @Configuration.
14:43:18.915 [Test worker] INFO org.springframework.boot.test.context.SpringBootTestContextBootstrapper -- Found @SpringBootConfiguration org.example.cosmocats.CosmoCatsApplication for test class org.example.cosmocats.category.controller.CategoryControllerTest

  .   ____          _            __ _ _
 /\\ / ___'_ __ _ _(_)_ __  __ _ \ \ \ \
( ( )\___ | '_ | '_| | '_ \/ _` | \ \ \ \
 \\/  ___)| |_)| | | | | || (_| |  ) ) ) )
  '  |____| .__|_| |_|_| |_\__, | / / / /
 =========|_|==============|___/=/_/_/_/

 :: Spring Boot ::                (v3.3.4)

2025-12-10T14:43:20.993+02:00  INFO 7180 --- [    Test worker] o.e.c.c.c.CategoryControllerTest         : Starting CategoryControllerTest using Java 17.0.16 with PID 7180 (started by denis in D:\LAB5WEB\lab1-backend-CosmoCats-lab3web)
2025-12-10T14:43:20.998+02:00  INFO 7180 --- [    Test worker] o.e.c.c.c.CategoryControllerTest         : The following 1 profile is active: "test"
2025-12-10T14:43:26.321+02:00  INFO 7180 --- [    Test worker] o.s.b.t.m.w.SpringBootMockServletContext : Initializing Spring TestDispatcherServlet ''
2025-12-10T14:43:26.321+02:00  INFO 7180 --- [    Test worker] o.s.t.web.servlet.TestDispatcherServlet  : Initializing Servlet ''
2025-12-10T14:43:26.331+02:00  INFO 7180 --- [    Test worker] o.s.t.web.servlet.TestDispatcherServlet  : Completed initialization in 10 ms
2025-12-10T14:43:26.415+02:00  INFO 7180 --- [    Test worker] o.e.c.c.c.CategoryControllerTest         : Started CategoryControllerTest in 6.625 seconds (process running for 12.684)
]]></system-out>
  <system-err><![CDATA[]]></system-err>
</testsuite>
