<?xml version="1.0" encoding="UTF-8"?>
<testsuite name="org.example.cosmocats.common.exception.GlobalExceptionHandlerTest" tests="4" skipped="0" failures="0" errors="0" timestamp="2025-12-10T12:43:30" hostname="PIGEON" time="0.343">
  <properties/>
  <testcase name="handleValidation_returns400()" classname="org.example.cosmocats.common.exception.GlobalExceptionHandlerTest" time="0.286"/>
  <testcase name="handleNotFound_returns404()" classname="org.example.cosmocats.common.exception.GlobalExceptionHandlerTest" time="0.002"/>
  <testcase name="handleConflict_returns409()" classname="org.example.cosmocats.common.exception.GlobalExceptionHandlerTest" time="0.002"/>
  <testcase name="handleBeanValidation_returns400AndFieldsMap()" classname="org.example.cosmocats.common.exception.GlobalExceptionHandlerTest" time="0.045"/>
  <system-out><![CDATA[]]></system-out>
  <system-err><![CDATA[]]></system-err>
</testsuite>
