<?xml version="1.0" encoding="UTF-8"?>
<testsuite name="org.example.cosmocats.featuretoggle.FeatureToggleServiceTest" tests="3" skipped="0" failures="0" errors="0" timestamp="2025-11-29T11:23:36" hostname="PIGEON" time="0.009">
  <properties/>
  <testcase name="disableFeatureToggle_turnsFeatureOff()" classname="org.example.cosmocats.featuretoggle.FeatureToggleServiceTest" time="0.005"/>
  <testcase name="checkFeatureToggle_usesInitialPropertiesAndDefaultFalse()" classname="org.example.cosmocats.featuretoggle.FeatureToggleServiceTest" time="0.001"/>
  <testcase name="enableFeatureToggle_turnsFeatureOn()" classname="org.example.cosmocats.featuretoggle.FeatureToggleServiceTest" time="0.001"/>
  <system-out><![CDATA[]]></system-out>
  <system-err><![CDATA[]]></system-err>
</testsuite>
