<?xml version="1.0" encoding="UTF-8"?>
<testsuite name="org.example.cosmocats.product.controller.ProductControllerTest" tests="3" skipped="0" failures="0" errors="0" timestamp="2025-12-10T12:43:33" hostname="PIGEON" time="0.07">
  <properties/>
  <testcase name="delete_noContent()" classname="org.example.cosmocats.product.controller.ProductControllerTest" time="0.015"/>
  <testcase name="create_returns201()" classname="org.example.cosmocats.product.controller.ProductControllerTest" time="0.036"/>
  <testcase name="list_returnsOk()" classname="org.example.cosmocats.product.controller.ProductControllerTest" time="0.015"/>
  <system-out><![CDATA[2025-12-10T14:43:32.724+02:00  INFO 7180 --- [    Test worker] t.c.s.AnnotationConfigContextLoaderUtils : Could not detect default configuration classes for test class [org.example.cosmocats.product.controller.ProductControllerTest]: ProductControllerTest does not declare any static, non-private, non-final, nested classes annotated with @Configuration.
2025-12-10T14:43:32.781+02:00  INFO 7180 --- [    Test worker] .b.t.c.SpringBootTestContextBootstrapper : Found @SpringBootConfiguration org.example.cosmocats.CosmoCatsApplication for test class org.example.cosmocats.product.controller.ProductControllerTest

  .   ____          _            __ _ _
 /\\ / ___'_ __ _ _(_)_ __  __ _ \ \ \ \
( ( )\___ | '_ | '_| | '_ \/ _` | \ \ \ \
 \\/  ___)| |_)| | | | | || (_| |  ) ) ) )
  '  |____| .__|_| |_|_| |_\__, | / / / /
 =========|_|==============|___/=/_/_/_/

 :: Spring Boot ::                (v3.3.4)

2025-12-10T14:43:32.838+02:00  INFO 7180 --- [    Test worker] o.e.c.p.c.ProductControllerTest          : Starting ProductControllerTest using Java 17.0.16 with PID 7180 (started by denis in D:\LAB5WEB\lab1-backend-CosmoCats-lab3web)
2025-12-10T14:43:32.838+02:00  INFO 7180 --- [    Test worker] o.e.c.p.c.ProductControllerTest          : The following 1 profile is active: "test"
2025-12-10T14:43:33.611+02:00  INFO 7180 --- [    Test worker] o.s.b.t.m.w.SpringBootMockServletContext : Initializing Spring TestDispatcherServlet ''
2025-12-10T14:43:33.611+02:00  INFO 7180 --- [    Test worker] o.s.t.web.servlet.TestDispatcherServlet  : Initializing Servlet ''
2025-12-10T14:43:33.611+02:00  INFO 7180 --- [    Test worker] o.s.t.web.servlet.TestDispatcherServlet  : Completed initialization in 0 ms
2025-12-10T14:43:33.619+02:00  INFO 7180 --- [    Test worker] o.e.c.p.c.ProductControllerTest          : Started ProductControllerTest in 0.832 seconds (process running for 19.896)
]]></system-out>
  <system-err><![CDATA[]]></system-err>
</testsuite>
