<?xml version="1.0" encoding="UTF-8"?>
<testsuite name="org.example.cosmocats.category.service.impl.CategoryServiceImplTest" tests="6" skipped="0" failures="0" errors="0" timestamp="2025-12-10T12:43:28" hostname="PIGEON" time="1.341">
  <properties/>
  <testcase name="delete_callsRepository()" classname="org.example.cosmocats.category.service.impl.CategoryServiceImplTest" time="1.294"/>
  <testcase name="create_duplicateCode_throwsValidationException()" classname="org.example.cosmocats.category.service.impl.CategoryServiceImplTest" time="0.009"/>
  <testcase name="findAll_returnsMappedDtos()" classname="org.example.cosmocats.category.service.impl.CategoryServiceImplTest" time="0.01"/>
  <testcase name="create_success()" classname="org.example.cosmocats.category.service.impl.CategoryServiceImplTest" time="0.006"/>
  <testcase name="update_notFound_throwsResourceNotFound()" classname="org.example.cosmocats.category.service.impl.CategoryServiceImplTest" time="0.01"/>
  <testcase name="findById_notFound_throwsResourceNotFound()" classname="org.example.cosmocats.category.service.impl.CategoryServiceImplTest" time="0.004"/>
  <system-out><![CDATA[]]></system-out>
  <system-err><![CDATA[]]></system-err>
</testsuite>
