<?xml version="1.0" encoding="UTF-8"?>
<testsuite name="org.example.cosmocats.category.controller.CategoryControllerTest" tests="3" skipped="0" failures="0" errors="0" timestamp="2025-11-29T11:23:35" hostname="PIGEON" time="0.684">
  <properties/>
  <testcase name="getById_notFound_returns404()" classname="org.example.cosmocats.category.controller.CategoryControllerTest" time="0.493"/>
  <testcase name="create_returns201()" classname="org.example.cosmocats.category.controller.CategoryControllerTest" time="0.171"/>
  <testcase name="list_returnsOk()" classname="org.example.cosmocats.category.controller.CategoryControllerTest" time="0.015"/>
  <system-out><![CDATA[13:23:27.644 [Test worker] INFO org.springframework.test.context.support.AnnotationConfigContextLoaderUtils -- Could not detect default configuration classes for test class [org.example.cosmocats.category.controller.CategoryControllerTest]: CategoryControllerTest does not declare any static, non-private, non-final, nested classes annotated with @Configuration.
13:23:27.981 [Test worker] INFO org.springframework.boot.test.context.SpringBootTestContextBootstrapper -- Found @SpringBootConfiguration org.example.cosmocats.CosmoCatsApplication for test class org.example.cosmocats.category.controller.CategoryControllerTest

  .   ____          _            __ _ _
 /\\ / ___'_ __ _ _(_)_ __  __ _ \ \ \ \
( ( )\___ | '_ | '_| | '_ \/ _` | \ \ \ \
 \\/  ___)| |_)| | | | | || (_| |  ) ) ) )
  '  |____| .__|_| |_|_| |_\__, | / / / /
 =========|_|==============|___/=/_/_/_/

 :: Spring Boot ::                (v3.3.4)

2025-11-29T13:23:28.981+02:00  INFO 15984 --- [    Test worker] o.e.c.c.c.CategoryControllerTest         : Starting CategoryControllerTest using Java 17.0.16 with PID 15984 (started by denis in D:\LAB4WEB)
2025-11-29T13:23:28.984+02:00  INFO 15984 --- [    Test worker] o.e.c.c.c.CategoryControllerTest         : No active profile set, falling back to 1 default profile: "default"
2025-11-29T13:23:34.917+02:00  INFO 15984 --- [    Test worker] o.s.b.t.m.w.SpringBootMockServletContext : Initializing Spring TestDispatcherServlet ''
2025-11-29T13:23:34.919+02:00  INFO 15984 --- [    Test worker] o.s.t.web.servlet.TestDispatcherServlet  : Initializing Servlet ''
2025-11-29T13:23:34.924+02:00  INFO 15984 --- [    Test worker] o.s.t.web.servlet.TestDispatcherServlet  : Completed initialization in 2 ms
2025-11-29T13:23:34.993+02:00  INFO 15984 --- [    Test worker] o.e.c.c.c.CategoryControllerTest         : Started CategoryControllerTest in 6.857 seconds (process running for 9.585)
]]></system-out>
  <system-err><![CDATA[]]></system-err>
</testsuite>
