<?xml version="1.0" encoding="UTF-8"?>
<testsuite name="org.example.cosmocats.product.controller.ProductControllerIT" tests="3" skipped="0" failures="0" errors="0" timestamp="2025-11-10T12:26:58" hostname="PIGEON" time="1.716">
  <properties/>
  <testcase name="create_returns201_andBody()" classname="org.example.cosmocats.product.controller.ProductControllerIT" time="0.971"/>
  <testcase name="list_ok()" classname="org.example.cosmocats.product.controller.ProductControllerIT" time="0.282"/>
  <testcase name="delete_noContent()" classname="org.example.cosmocats.product.controller.ProductControllerIT" time="0.459"/>
  <system-out><![CDATA[14:26:50.420 [Test worker] INFO org.springframework.test.context.support.AnnotationConfigContextLoaderUtils -- Could not detect default configuration classes for test class [org.example.cosmocats.product.controller.ProductControllerIT]: ProductControllerIT does not declare any static, non-private, non-final, nested classes annotated with @Configuration.
14:26:50.686 [Test worker] INFO org.springframework.boot.test.context.SpringBootTestContextBootstrapper -- Found @SpringBootConfiguration org.example.cosmocats.CosmoCatsApplication for test class org.example.cosmocats.product.controller.ProductControllerIT

  .   ____          _            __ _ _
 /\\ / ___'_ __ _ _(_)_ __  __ _ \ \ \ \
( ( )\___ | '_ | '_| | '_ \/ _` | \ \ \ \
 \\/  ___)| |_)| | | | | || (_| |  ) ) ) )
  '  |____| .__|_| |_|_| |_\__, | / / / /
 =========|_|==============|___/=/_/_/_/

 :: Spring Boot ::                (v3.3.4)

2025-11-10T14:26:51.580+02:00  INFO 13404 --- [    Test worker] o.e.c.p.controller.ProductControllerIT   : Starting ProductControllerIT using Java 17.0.16 with PID 13404 (started by denis in D:\lab2_Golub\lab1-backend-CosmoCats-1.2)
2025-11-10T14:26:51.584+02:00  INFO 13404 --- [    Test worker] o.e.c.p.controller.ProductControllerIT   : No active profile set, falling back to 1 default profile: "default"
2025-11-10T14:26:52.974+02:00  INFO 13404 --- [    Test worker] .s.d.r.c.RepositoryConfigurationDelegate : Bootstrapping Spring Data JPA repositories in DEFAULT mode.
2025-11-10T14:26:53.100+02:00  INFO 13404 --- [    Test worker] .s.d.r.c.RepositoryConfigurationDelegate : Finished Spring Data repository scanning in 107 ms. Found 1 JPA repository interface.
2025-11-10T14:26:53.310+02:00  INFO 13404 --- [    Test worker] beddedDataSourceBeanFactoryPostProcessor : Replacing 'dataSource' DataSource bean with embedded version
2025-11-10T14:26:53.950+02:00  INFO 13404 --- [    Test worker] o.s.j.d.e.EmbeddedDatabaseFactory        : Starting embedded database: url='jdbc:h2:mem:5ab88130-6f43-440a-9a74-f30dfb4c611f;DB_CLOSE_DELAY=-1;DB_CLOSE_ON_EXIT=false', username='sa'
2025-11-10T14:26:54.466+02:00  INFO 13404 --- [    Test worker] o.hibernate.jpa.internal.util.LogHelper  : HHH000204: Processing PersistenceUnitInfo [name: default]
2025-11-10T14:26:54.586+02:00  INFO 13404 --- [    Test worker] org.hibernate.Version                    : HHH000412: Hibernate ORM core version 6.5.3.Final
2025-11-10T14:26:54.666+02:00  INFO 13404 --- [    Test worker] o.h.c.internal.RegionFactoryInitiator    : HHH000026: Second-level cache disabled
2025-11-10T14:26:55.278+02:00  INFO 13404 --- [    Test worker] o.s.o.j.p.SpringPersistenceUnitInfo      : No LoadTimeWeaver setup: ignoring JPA class transformer
2025-11-10T14:26:56.640+02:00  INFO 13404 --- [    Test worker] o.h.e.t.j.p.i.JtaPlatformInitiator       : HHH000489: No JTA platform available (set 'hibernate.transaction.jta.platform' to enable JTA platform integration)
Hibernate: 
    create table products (
        id bigint generated by default as identity,
        description varchar(2000),
        name varchar(255) not null,
        price float(53) not null,
        primary key (id)
    )
2025-11-10T14:26:56.726+02:00  INFO 13404 --- [    Test worker] j.LocalContainerEntityManagerFactoryBean : Initialized JPA EntityManagerFactory for persistence unit 'default'
2025-11-10T14:26:58.123+02:00  INFO 13404 --- [    Test worker] o.s.b.a.h2.H2ConsoleAutoConfiguration    : H2 console available at '/h2-console'. Database available at 'jdbc:h2:mem:5ab88130-6f43-440a-9a74-f30dfb4c611f'
2025-11-10T14:26:58.218+02:00  INFO 13404 --- [    Test worker] o.s.b.t.m.w.SpringBootMockServletContext : Initializing Spring TestDispatcherServlet ''
2025-11-10T14:26:58.218+02:00  INFO 13404 --- [    Test worker] o.s.t.web.servlet.TestDispatcherServlet  : Initializing Servlet ''
2025-11-10T14:26:58.223+02:00  INFO 13404 --- [    Test worker] o.s.t.web.servlet.TestDispatcherServlet  : Completed initialization in 5 ms
2025-11-10T14:26:58.249+02:00  INFO 13404 --- [    Test worker] o.e.c.p.controller.ProductControllerIT   : Started ProductControllerIT in 7.26 seconds (process running for 9.656)
Hibernate: 
    insert 
    into
        products
        (description, name, price, id) 
    values
        (?, ?, ?, default)
Hibernate: 
    insert 
    into
        products
        (description, name, price, id) 
    values
        (?, ?, ?, default)
Hibernate: 
    select
        p1_0.id,
        p1_0.description,
        p1_0.name,
        p1_0.price 
    from
        products p1_0
Hibernate: 
    insert 
    into
        products
        (description, name, price, id) 
    values
        (?, ?, ?, default)
Hibernate: 
    select
        count(*) 
    from
        products p1_0 
    where
        p1_0.id=?
Hibernate: 
    delete 
    from
        products 
    where
        id=?
Hibernate: 
    select
        count(*) 
    from
        products p1_0 
    where
        p1_0.id=?
]]></system-out>
  <system-err><![CDATA[]]></system-err>
</testsuite>
