<?xml version="1.0" encoding="UTF-8"?>
<testsuite name="org.example.cosmocats.security.SecurityIntegrationTest" tests="2" skipped="0" failures="0" errors="0" timestamp="2025-12-10T12:43:35" hostname="PIGEON" time="0.069">
  <properties/>
  <testcase name="whenNoApiKey_thenUnauthorized()" classname="org.example.cosmocats.security.SecurityIntegrationTest" time="0.037"/>
  <testcase name="whenValidApiKey_thenRequestIsSuccessful()" classname="org.example.cosmocats.security.SecurityIntegrationTest" time="0.03"/>
  <system-out><![CDATA[2025-12-10T14:43:33.781+02:00  INFO 7180 --- [    Test worker] t.c.s.AnnotationConfigContextLoaderUtils : Could not detect default configuration classes for test class [org.example.cosmocats.security.SecurityIntegrationTest]: SecurityIntegrationTest does not declare any static, non-private, non-final, nested classes annotated with @Configuration.
2025-12-10T14:43:33.835+02:00  INFO 7180 --- [    Test worker] .b.t.c.SpringBootTestContextBootstrapper : Found @SpringBootConfiguration org.example.cosmocats.CosmoCatsApplication for test class org.example.cosmocats.security.SecurityIntegrationTest

  .   ____          _            __ _ _
 /\\ / ___'_ __ _ _(_)_ __  __ _ \ \ \ \
( ( )\___ | '_ | '_| | '_ \/ _` | \ \ \ \
 \\/  ___)| |_)| | | | | || (_| |  ) ) ) )
  '  |____| .__|_| |_|_| |_\__, | / / / /
 =========|_|==============|___/=/_/_/_/

 :: Spring Boot ::                (v3.3.4)

2025-12-10T14:43:33.883+02:00  INFO 7180 --- [    Test worker] o.e.c.security.SecurityIntegrationTest   : Starting SecurityIntegrationTest using Java 17.0.16 with PID 7180 (started by denis in D:\LAB5WEB\lab1-backend-CosmoCats-lab3web)
2025-12-10T14:43:33.883+02:00  INFO 7180 --- [    Test worker] o.e.c.security.SecurityIntegrationTest   : No active profile set, falling back to 1 default profile: "default"
2025-12-10T14:43:35.198+02:00  INFO 7180 --- [    Test worker] o.s.b.t.m.w.SpringBootMockServletContext : Initializing Spring TestDispatcherServlet ''
2025-12-10T14:43:35.198+02:00  INFO 7180 --- [    Test worker] o.s.t.web.servlet.TestDispatcherServlet  : Initializing Servlet ''
2025-12-10T14:43:35.198+02:00  INFO 7180 --- [    Test worker] o.s.t.web.servlet.TestDispatcherServlet  : Completed initialization in 0 ms
2025-12-10T14:43:35.231+02:00  INFO 7180 --- [    Test worker] o.e.c.security.SecurityIntegrationTest   : Started SecurityIntegrationTest in 1.383 seconds (process running for 21.499)
]]></system-out>
  <system-err><![CDATA[]]></system-err>
</testsuite>
