<?xml version="1.0" encoding="UTF-8"?>
<testsuite name="org.example.cosmocats.order.controller.OrderControllerTest" tests="3" skipped="0" failures="0" errors="0" timestamp="2025-11-29T11:23:37" hostname="PIGEON" time="0.296">
  <properties/>
  <testcase name="getById_notFound_returns404()" classname="org.example.cosmocats.order.controller.OrderControllerTest" time="0.023"/>
  <testcase name="create_returns201()" classname="org.example.cosmocats.order.controller.OrderControllerTest" time="0.26"/>
  <testcase name="list_returnsOk()" classname="org.example.cosmocats.order.controller.OrderControllerTest" time="0.009"/>
  <system-out><![CDATA[2025-11-29T13:23:36.458+02:00  INFO 15984 --- [    Test worker] t.c.s.AnnotationConfigContextLoaderUtils : Could not detect default configuration classes for test class [org.example.cosmocats.order.controller.OrderControllerTest]: OrderControllerTest does not declare any static, non-private, non-final, nested classes annotated with @Configuration.
2025-11-29T13:23:36.519+02:00  INFO 15984 --- [    Test worker] .b.t.c.SpringBootTestContextBootstrapper : Found @SpringBootConfiguration org.example.cosmocats.CosmoCatsApplication for test class org.example.cosmocats.order.controller.OrderControllerTest

  .   ____          _            __ _ _
 /\\ / ___'_ __ _ _(_)_ __  __ _ \ \ \ \
( ( )\___ | '_ | '_| | '_ \/ _` | \ \ \ \
 \\/  ___)| |_)| | | | | || (_| |  ) ) ) )
  '  |____| .__|_| |_|_| |_\__, | / / / /
 =========|_|==============|___/=/_/_/_/

 :: Spring Boot ::                (v3.3.4)

2025-11-29T13:23:36.577+02:00  INFO 15984 --- [    Test worker] o.e.c.o.controller.OrderControllerTest   : Starting OrderControllerTest using Java 17.0.16 with PID 15984 (started by denis in D:\LAB4WEB)
2025-11-29T13:23:36.577+02:00  INFO 15984 --- [    Test worker] o.e.c.o.controller.OrderControllerTest   : No active profile set, falling back to 1 default profile: "default"
2025-11-29T13:23:37.115+02:00  INFO 15984 --- [    Test worker] o.s.b.t.m.w.SpringBootMockServletContext : Initializing Spring TestDispatcherServlet ''
2025-11-29T13:23:37.115+02:00  INFO 15984 --- [    Test worker] o.s.t.web.servlet.TestDispatcherServlet  : Initializing Servlet ''
2025-11-29T13:23:37.115+02:00  INFO 15984 --- [    Test worker] o.s.t.web.servlet.TestDispatcherServlet  : Completed initialization in 0 ms
2025-11-29T13:23:37.135+02:00  INFO 15984 --- [    Test worker] o.e.c.o.controller.OrderControllerTest   : Started OrderControllerTest in 0.608 seconds (process running for 11.727)
]]></system-out>
  <system-err><![CDATA[]]></system-err>
</testsuite>
