<?xml version="1.0" encoding="UTF-8"?>
<testsuite name="org.example.cosmocats.order.service.impl.OrderServiceImplTest" tests="14" skipped="0" failures="0" errors="0" timestamp="2025-11-29T11:23:37" hostname="PIGEON" time="0.268">
  <properties/>
  <testcase name="findByNumber_notFound_throwsResourceNotFound()" classname="org.example.cosmocats.order.service.impl.OrderServiceImplTest" time="0.209"/>
  <testcase name="create_throwsValidation_whenNumberBlank()" classname="org.example.cosmocats.order.service.impl.OrderServiceImplTest" time="0.002"/>
  <testcase name="update_throwsValidation_whenSomeProductsNotFound()" classname="org.example.cosmocats.order.service.impl.OrderServiceImplTest" time="0.006"/>
  <testcase name="delete_whenOrderExists_deletesIt()" classname="org.example.cosmocats.order.service.impl.OrderServiceImplTest" time="0.004"/>
  <testcase name="findAll_returnsListOfDtos()" classname="org.example.cosmocats.order.service.impl.OrderServiceImplTest" time="0.004"/>
  <testcase name="delete_callsRepository()" classname="org.example.cosmocats.order.service.impl.OrderServiceImplTest" time="0.005"/>
  <testcase name="create_withoutNumber_throwsValidation()" classname="org.example.cosmocats.order.service.impl.OrderServiceImplTest" time="0.002"/>
  <testcase name="findByNumber_returnsDto()" classname="org.example.cosmocats.order.service.impl.OrderServiceImplTest" time="0.003"/>
  <testcase name="update_successfullyUpdatesOrder()" classname="org.example.cosmocats.order.service.impl.OrderServiceImplTest" time="0.004"/>
  <testcase name="create_success()" classname="org.example.cosmocats.order.service.impl.OrderServiceImplTest" time="0.007"/>
  <testcase name="create_throwsValidation_whenProductIdsEmpty()" classname="org.example.cosmocats.order.service.impl.OrderServiceImplTest" time="0.003"/>
  <testcase name="create_throwsValidation_whenSomeProductsNotFound()" classname="org.example.cosmocats.order.service.impl.OrderServiceImplTest" time="0.003"/>
  <testcase name="create_withoutProducts_throwsValidation()" classname="org.example.cosmocats.order.service.impl.OrderServiceImplTest" time="0.002"/>
  <testcase name="findById_notFound_throwsResourceNotFound()" classname="org.example.cosmocats.order.service.impl.OrderServiceImplTest" time="0.003"/>
  <system-out><![CDATA[]]></system-out>
  <system-err><![CDATA[]]></system-err>
</testsuite>
