<?xml version="1.0" encoding="UTF-8"?>
<testsuite name="org.example.cosmocats.product.service.impl.ProductServiceImplTest" tests="12" skipped="0" failures="0" errors="0" timestamp="2025-10-30T18:12:16" hostname="PIGEON" time="0.265">
  <properties/>
  <testcase name="update_ok()" classname="org.example.cosmocats.product.service.impl.ProductServiceImplTest" time="0.217"/>
  <testcase name="findAll_returnsList()" classname="org.example.cosmocats.product.service.impl.ProductServiceImplTest" time="0.002"/>
  <testcase name="create_throws_onBlankName()" classname="org.example.cosmocats.product.service.impl.ProductServiceImplTest" time="0.004"/>
  <testcase name="create_throws_onNonPositivePrice()" classname="org.example.cosmocats.product.service.impl.ProductServiceImplTest" time="0.003"/>
  <testcase name="create_ok_validatesAndSaves()" classname="org.example.cosmocats.product.service.impl.ProductServiceImplTest" time="0.006"/>
  <testcase name="findById_notFound()" classname="org.example.cosmocats.product.service.impl.ProductServiceImplTest" time="0.003"/>
  <testcase name="update_throws_onInvalidDto()" classname="org.example.cosmocats.product.service.impl.ProductServiceImplTest" time="0.005"/>
  <testcase name="delete_missing_noop()" classname="org.example.cosmocats.product.service.impl.ProductServiceImplTest" time="0.002"/>
  <testcase name="delete_existing_deletesById()" classname="org.example.cosmocats.product.service.impl.ProductServiceImplTest" time="0.003"/>
  <testcase name="update_notFound()" classname="org.example.cosmocats.product.service.impl.ProductServiceImplTest" time="0.003"/>
  <testcase name="findById_ok()" classname="org.example.cosmocats.product.service.impl.ProductServiceImplTest" time="0.003"/>
  <testcase name="create_throws_onNullPrice()" classname="org.example.cosmocats.product.service.impl.ProductServiceImplTest" time="0.003"/>
  <system-out><![CDATA[]]></system-out>
  <system-err><![CDATA[]]></system-err>
</testsuite>
